<?xml version="1.0" encoding="UTF-8" ?>
<testsuite failures="1" time="9.43" errors="0" skipped="0" tests="7" name="liisan_muistipeli.logic.EngineTest">
  <properties>
    <property name="java.runtime.name" value="OpenJDK Runtime Environment"/>
    <property name="sun.boot.library.path" value="/usr/lib/jvm/java-7-openjdk-amd64/jre/lib/amd64"/>
    <property name="java.vm.version" value="24.79-b02"/>
    <property name="java.vm.vendor" value="Oracle Corporation"/>
    <property name="java.vendor.url" value="http://java.oracle.com/"/>
    <property name="path.separator" value=":"/>
    <property name="guice.disable.misplaced.annotation.check" value="true"/>
    <property name="java.vm.name" value="OpenJDK 64-Bit Server VM"/>
    <property name="file.encoding.pkg" value="sun.io"/>
    <property name="user.country" value="GB"/>
    <property name="sun.java.launcher" value="SUN_STANDARD"/>
    <property name="sun.os.patch.level" value="unknown"/>
    <property name="java.vm.specification.name" value="Java Virtual Machine Specification"/>
    <property name="user.dir" value="/home/hexvaara/Documents/Courses/javalabra/liisan_muistipeli"/>
    <property name="java.runtime.version" value="1.7.0_79-b14"/>
    <property name="java.awt.graphicsenv" value="sun.awt.X11GraphicsEnvironment"/>
    <property name="java.endorsed.dirs" value="/usr/lib/jvm/java-7-openjdk-amd64/jre/lib/endorsed"/>
    <property name="os.arch" value="amd64"/>
    <property name="java.io.tmpdir" value="/tmp"/>
    <property name="line.separator" value="
"/>
    <property name="java.vm.specification.vendor" value="Oracle Corporation"/>
    <property name="os.name" value="Linux"/>
    <property name="classworlds.conf" value="/usr/share/maven/bin/m2.conf"/>
    <property name="sun.jnu.encoding" value="UTF-8"/>
    <property name="java.library.path" value="/usr/java/packages/lib/amd64:/usr/lib/x86_64-linux-gnu/jni:/lib/x86_64-linux-gnu:/usr/lib/x86_64-linux-gnu:/usr/lib/jni:/lib:/usr/lib"/>
    <property name="java.specification.name" value="Java Platform API Specification"/>
    <property name="java.class.version" value="51.0"/>
    <property name="sun.management.compiler" value="HotSpot 64-Bit Tiered Compilers"/>
    <property name="os.version" value="3.17.2-031702-generic"/>
    <property name="user.home" value="/home/hexvaara"/>
    <property name="user.timezone" value="Europe/Helsinki"/>
    <property name="java.awt.printerjob" value="sun.print.PSPrinterJob"/>
    <property name="file.encoding" value="UTF-8"/>
    <property name="java.specification.version" value="1.7"/>
    <property name="user.name" value="hexvaara"/>
    <property name="java.class.path" value="/usr/share/maven/boot/plexus-classworlds-2.x.jar:/usr/share/java/jayatanaag.jar"/>
    <property name="java.vm.specification.version" value="1.7"/>
    <property name="sun.arch.data.model" value="64"/>
    <property name="java.home" value="/usr/lib/jvm/java-7-openjdk-amd64/jre"/>
    <property name="sun.java.command" value="org.codehaus.plexus.classworlds.launcher.Launcher integration-test"/>
    <property name="java.specification.vendor" value="Oracle Corporation"/>
    <property name="user.language" value="en"/>
    <property name="awt.toolkit" value="sun.awt.X11.XToolkit"/>
    <property name="java.vm.info" value="mixed mode"/>
    <property name="java.version" value="1.7.0_79"/>
    <property name="java.ext.dirs" value="/usr/lib/jvm/java-7-openjdk-amd64/jre/lib/ext:/usr/java/packages/lib/ext"/>
    <property name="securerandom.source" value="file:/dev/./urandom"/>
    <property name="sun.boot.class.path" value="/usr/lib/jvm/java-7-openjdk-amd64/jre/lib/resources.jar:/usr/lib/jvm/java-7-openjdk-amd64/jre/lib/rt.jar:/usr/lib/jvm/java-7-openjdk-amd64/jre/lib/sunrsasign.jar:/usr/lib/jvm/java-7-openjdk-amd64/jre/lib/jsse.jar:/usr/lib/jvm/java-7-openjdk-amd64/jre/lib/jce.jar:/usr/lib/jvm/java-7-openjdk-amd64/jre/lib/charsets.jar:/usr/lib/jvm/java-7-openjdk-amd64/jre/lib/rhino.jar:/usr/lib/jvm/java-7-openjdk-amd64/jre/lib/jfr.jar:/usr/lib/jvm/java-7-openjdk-amd64/jre/classes"/>
    <property name="java.vendor" value="Oracle Corporation"/>
    <property name="maven.home" value="/usr/share/maven"/>
    <property name="file.separator" value="/"/>
    <property name="java.vendor.url.bug" value="http://bugreport.sun.com/bugreport/"/>
    <property name="sun.cpu.endian" value="little"/>
    <property name="sun.io.unicode.encoding" value="UnicodeLittle"/>
    <property name="sun.desktop" value="gnome"/>
    <property name="sun.cpu.isalist" value=""/>
  </properties>
  <testcase time="0.106" classname="liisan_muistipeli.logic.EngineTest" name="test_click_inside_hitbox_center"/>
  <testcase time="1.391" classname="liisan_muistipeli.logic.EngineTest" name="test_iteration_returns_false_if_no_velocity_in_any_card"/>
  <testcase time="0.711" classname="liisan_muistipeli.logic.EngineTest" name="test_iteration_at_least_something_happens"/>
  <testcase time="0.279" classname="liisan_muistipeli.logic.EngineTest" name="test_click_outside_hitbox"/>
  <testcase time="1.299" classname="liisan_muistipeli.logic.EngineTest" name="test_constructor_builds_cards"/>
  <testcase time="1.431" classname="liisan_muistipeli.logic.EngineTest" name="test_click_inside_hitbox">
    <failure type="java.lang.AssertionError">java.lang.AssertionError
	at org.junit.Assert.fail(Assert.java:86)
	at org.junit.Assert.assertTrue(Assert.java:41)
	at org.junit.Assert.assertNotNull(Assert.java:621)
	at org.junit.Assert.assertNotNull(Assert.java:631)
	at liisan_muistipeli.logic.EngineTest.test_click_inside_hitbox(EngineTest.java:105)
	at sun.reflect.NativeMethodAccessorImpl.invoke0(Native Method)
	at sun.reflect.NativeMethodAccessorImpl.invoke(NativeMethodAccessorImpl.java:57)
	at sun.reflect.DelegatingMethodAccessorImpl.invoke(DelegatingMethodAccessorImpl.java:43)
	at java.lang.reflect.Method.invoke(Method.java:606)
	at org.junit.runners.model.FrameworkMethod$1.runReflectiveCall(FrameworkMethod.java:47)
	at org.junit.internal.runners.model.ReflectiveCallable.run(ReflectiveCallable.java:12)
	at org.junit.runners.model.FrameworkMethod.invokeExplosively(FrameworkMethod.java:44)
	at org.junit.internal.runners.statements.InvokeMethod.evaluate(InvokeMethod.java:17)
	at org.junit.internal.runners.statements.RunBefores.evaluate(RunBefores.java:26)
	at org.junit.internal.runners.statements.RunAfters.evaluate(RunAfters.java:27)
	at org.junit.runners.ParentRunner.runLeaf(ParentRunner.java:271)
	at org.junit.runners.BlockJUnit4ClassRunner.runChild(BlockJUnit4ClassRunner.java:70)
	at org.junit.runners.BlockJUnit4ClassRunner.runChild(BlockJUnit4ClassRunner.java:50)
	at org.junit.runners.ParentRunner$3.run(ParentRunner.java:238)
	at org.junit.runners.ParentRunner$1.schedule(ParentRunner.java:63)
	at org.junit.runners.ParentRunner.runChildren(ParentRunner.java:236)
	at org.junit.runners.ParentRunner.access$000(ParentRunner.java:53)
	at org.junit.runners.ParentRunner$2.evaluate(ParentRunner.java:229)
	at org.junit.internal.runners.statements.RunBefores.evaluate(RunBefores.java:26)
	at org.junit.internal.runners.statements.RunAfters.evaluate(RunAfters.java:27)
	at org.junit.runners.ParentRunner.run(ParentRunner.java:309)
	at org.apache.maven.surefire.junit4.JUnit4TestSet.execute(JUnit4TestSet.java:53)
	at org.apache.maven.surefire.junit4.JUnit4Provider.executeTestSet(JUnit4Provider.java:123)
	at org.apache.maven.surefire.junit4.JUnit4Provider.invoke(JUnit4Provider.java:104)
	at sun.reflect.NativeMethodAccessorImpl.invoke0(Native Method)
	at sun.reflect.NativeMethodAccessorImpl.invoke(NativeMethodAccessorImpl.java:57)
	at sun.reflect.DelegatingMethodAccessorImpl.invoke(DelegatingMethodAccessorImpl.java:43)
	at java.lang.reflect.Method.invoke(Method.java:606)
	at org.apache.maven.surefire.util.ReflectionUtils.invokeMethodWithArray(ReflectionUtils.java:164)
	at org.apache.maven.surefire.booter.ProviderFactory$ProviderProxy.invoke(ProviderFactory.java:110)
	at org.apache.maven.surefire.booter.SurefireStarter.invokeProvider(SurefireStarter.java:175)
	at org.apache.maven.surefire.booter.SurefireStarter.runSuitesInProcessWhenForked(SurefireStarter.java:107)
	at org.apache.maven.surefire.booter.ForkedBooter.main(ForkedBooter.java:68)
</failure>
    <system-out>. . . . . . . . . . . . . . . . . . . . . . . . . . . . . . . . . . . . . . . . . . . . . . . . . . . 
. # # # # . # # # # . # # # # . # # # # . # # # # . # # # # . # # # # . # # # # . # # # # . # # # # . 
. # . . # . # . . # . # . . # . # . . # . # . . # . # . . # . # . . # . # . . # . # . . # . # . . # . 
. # . . # . # . . # . # . . # . # . . # . # . . # . # . . # . # . . # . # . . # . # . . # . # . . # . 
. # # # # . # # # # . # # # # . # # # # . # # # # . # # # # . # # # # . # # # # . # # # # . # # # # . 
. . . . . . . . . . . . . . . . . . . . . . . . . . . . . . . . . . . . . . . . . . . . . . . . . . . 
. # # # # . # # # # . # # # # . # # # # . # # # # . # # # # . # # # # . # # # # . # # # # . # # # # . 
. # . . # . # . . # . # . . # . # . . # . # . . # . # . . # . # . . # . # . . # . # . . # . # . . # . 
. # . . # . # . . # . # . . # . # . . # . # . . # . # . . # . # . . # . # . . # . # . . # . # . . # . 
. # # # # . # # # # . # # # # . # # # # . # # # # . # # # # . # # # # . # # # # . # # # # . # # # # . 
. . . . . . . . . . . . . . . . . . . . . . . . . . . . . . . . . . . . . . . . . . . . . . . . . . . 
. # # # # . # # # # . # # # # . # # # # . # # # # . # # # # . # # # # . # # # # . # # # # . # # # # . 
. # . . # . # . . # . # . . # . # . . # . # . . # . # . . # . # . . # . # . . # . # . . # . # . . # . 
. # . . # . # . . # . # . . # . # . . # . # . . # . # . . # . # . . # . # . . # . # . . # . # . . # . 
. # # # # . # # # # . # # # # . # # # # . # # # # . # # # # . # # # # . # # # # . # # # # . # # # # . 
. . . . . . . . . . . . . . . . . . . . . . . . . . . . . . . . . . . . . . . . . . . . . . . . . . . 
. # # # # . # # # # . # # # # . # # # # . # # # # . # # # # . # # # # . # # # # . # # # # . # # # # . 
. # . . # . # . . # . # . . # . # . . # . # . . # . # . . # . # . . # . # . . # . # . . # . # . . # . 
. # . . # . # . . # . # . . # . # . . # . # . . # . # . . # . # . . # . # . . # . # . . # . # . . # . 
. # # # # . # # # # . # # # # . # # # # . # # # # . # # # # . # # # # . # # # # . # # # # . # # # # . 
. . . . . . . . . . . . . . . . . . . . . . . . . . . . . . . . . . . . . . . . . . . . . . . . . . . 
. # # # # . # # # # . # # # # . # # # # . # # # # . # # # # . # # # # . # # # # . # # # # . # # # # . 
. # . . # . # . . # . # . . # . # . . # . # . . # . # . . # . # . . # . # . . # . # . . # . # . . # . 
. # . . # . # . . # . # . . # . # . . # . # . . # . # . . # . # . . # . # . . # . # . . # . # . . # . 
. # # # # . # # # # . # # # # . # # # # . # # # # . # # # # . # # # # . # # # # . # # # # . # # # # . 
. . . . . . . . . . . . . . . . . . . . . . . . . . . . . . . . . . . . . . . . . . . . . . . . . . . 
. # # # # . # # # # . # # # # . # # # # . # # # # . # # # # . # # # # . # # # # . # # # # . # # # # . 
. # . . # . # . . # . # . . # . # . . # . # . . # . # . . # . # . . # . # . . # . # . . # . # . . # . 
. # . . # . # . . # . # . . # . # . . # . # . . # . # . . # . # . . # . # . . # . # . . # . # . . # . 
. # # # # . # # # # . # # # # . # # # # . # # # # . # # # # . # # # # . # # # # . # # # # . # # # # . 
. . . . . . . . . . . . . . . . . . . . . . . . . . . . . . . . . . . . . . . . . . . . . . . . . . . 
. # # # # . # # # # . # # # # . # # # # . # # # # . # # # # . # # # # . # # # # . # # # # . # # # # . 
. # . . # . # . . # . # . . # . # . . # . # . . # . # . . # . # . . # . # . . # . # . . # . # . . # . 
. # . . # . # . . # . # . . # . # . . # . # . . # . # . . # . # . . # . # . . # . # . . # . # . . # . 
. # # # # . # # # # . # # # # . # # # # . # # # # . # # # # . # # # # . # # # # . # # # # . # # # # . 
. . . . . . . . . . . . . . . . . . . . . . . . . . . . . . . . . . . . . . . . . . . . . . . . . . . 
. # # # # . # # # # . # # # # . # # # # . # # # # . # # # # . # # # # . # # # # . # # # # . # # # # . 
. # . . # . # . . # . # . . # . # . . # . # . . # . # . . # . # . . # . # . . # . # . . # . # . . # . 
. # . . # . # . . # . # . . # . # . . # . # . . # . # . . # . # . . # . # . . # . # . . # . # . . # . 
. # # # # . # # # # . # # # # . # # # # . # # # # . # # # # . # # # # . # # # # . # # # # . # # # # . 
. . . . . . . . . . . . . . . . . . . . . . . . . . . . . . . . . . . . . . . . . . . . . . . . . . . 
. # # # # . # # # # . # # # # . # # # # . # # # # . # # # # . # # # # . # # # # . # # # # . # # # # . 
. # . . # . # . . # . # . . # . # . . # . # . . # . # . . # . # . . # . # . . # . # . . # . # . . # . 
. # . . # . # . . # . # . . # . # . . # . # . . # . # . . # . # . . # . # . . # . # . . # . # . . # . 
. # # # # . # # # # . # # # # . # # # # . # # # # . # # # # . # # # # . # # # # . # # # # . # # # # . 
. . . . . . . . . . . . . . . . . . . . . . . . . . . . . . . . . . . . . . . . . . . . . . . . . . . 
------------------------------------------------------------------------------------------------------
</system-out>
  </testcase>
  <testcase time="0.052" classname="liisan_muistipeli.logic.EngineTest" name="test_click_inside_hitbox_upper_left_corner"/>
</testsuite>