<?xml version="1.0" encoding="UTF-8" ?>
<testsuite failures="0" time="0.271" errors="0" skipped="0" tests="40" name="liisan_muistipeli.logic.CardTest">
  <properties>
    <property name="java.runtime.name" value="OpenJDK Runtime Environment"/>
    <property name="sun.boot.library.path" value="/usr/lib/jvm/java-7-openjdk-amd64/jre/lib/amd64"/>
    <property name="java.vm.version" value="24.79-b02"/>
    <property name="java.vm.vendor" value="Oracle Corporation"/>
    <property name="java.vendor.url" value="http://java.oracle.com/"/>
    <property name="path.separator" value=":"/>
    <property name="guice.disable.misplaced.annotation.check" value="true"/>
    <property name="java.vm.name" value="OpenJDK 64-Bit Server VM"/>
    <property name="file.encoding.pkg" value="sun.io"/>
    <property name="user.country" value="GB"/>
    <property name="sun.java.launcher" value="SUN_STANDARD"/>
    <property name="sun.os.patch.level" value="unknown"/>
    <property name="java.vm.specification.name" value="Java Virtual Machine Specification"/>
    <property name="user.dir" value="/home/hexvaara/Documents/Courses/javalabra/liisan_muistipeli"/>
    <property name="java.runtime.version" value="1.7.0_79-b14"/>
    <property name="java.awt.graphicsenv" value="sun.awt.X11GraphicsEnvironment"/>
    <property name="java.endorsed.dirs" value="/usr/lib/jvm/java-7-openjdk-amd64/jre/lib/endorsed"/>
    <property name="os.arch" value="amd64"/>
    <property name="java.io.tmpdir" value="/tmp"/>
    <property name="line.separator" value="
"/>
    <property name="java.vm.specification.vendor" value="Oracle Corporation"/>
    <property name="os.name" value="Linux"/>
    <property name="maven.ext.class.path" value="/home/hexvaara/netbeans-8.0.2/java/maven-nblib/netbeans-eventspy.jar"/>
    <property name="classworlds.conf" value="/home/hexvaara/netbeans-8.0.2/java/maven/bin/m2.conf"/>
    <property name="sun.jnu.encoding" value="UTF-8"/>
    <property name="java.library.path" value="/usr/lib/jvm/default-java/jre/lib/amd64:/usr/lib/jvm/default-java/jre/lib/i386::/usr/java/packages/lib/amd64:/usr/lib/x86_64-linux-gnu/jni:/lib/x86_64-linux-gnu:/usr/lib/x86_64-linux-gnu:/usr/lib/jni:/lib:/usr/lib"/>
    <property name="java.specification.name" value="Java Platform API Specification"/>
    <property name="java.class.version" value="51.0"/>
    <property name="sun.management.compiler" value="HotSpot 64-Bit Tiered Compilers"/>
    <property name="os.version" value="3.17.2-031702-generic"/>
    <property name="user.home" value="/home/hexvaara"/>
    <property name="user.timezone" value="Europe/Helsinki"/>
    <property name="java.awt.printerjob" value="sun.print.PSPrinterJob"/>
    <property name="file.encoding" value="UTF-8"/>
    <property name="java.specification.version" value="1.7"/>
    <property name="user.name" value="hexvaara"/>
    <property name="java.class.path" value="/home/hexvaara/netbeans-8.0.2/java/maven/boot/plexus-classworlds-2.4.jar:/usr/share/java/jayatanaag.jar"/>
    <property name="java.vm.specification.version" value="1.7"/>
    <property name="sun.arch.data.model" value="64"/>
    <property name="java.home" value="/usr/lib/jvm/java-7-openjdk-amd64/jre"/>
    <property name="sun.java.command" value="org.codehaus.plexus.classworlds.launcher.Launcher -Dmaven.ext.class.path=/home/hexvaara/netbeans-8.0.2/java/maven-nblib/netbeans-eventspy.jar test"/>
    <property name="java.specification.vendor" value="Oracle Corporation"/>
    <property name="user.language" value="en"/>
    <property name="awt.toolkit" value="sun.awt.X11.XToolkit"/>
    <property name="java.vm.info" value="mixed mode"/>
    <property name="java.version" value="1.7.0_79"/>
    <property name="java.ext.dirs" value="/usr/lib/jvm/java-7-openjdk-amd64/jre/lib/ext:/usr/java/packages/lib/ext"/>
    <property name="securerandom.source" value="file:/dev/./urandom"/>
    <property name="sun.boot.class.path" value="/usr/lib/jvm/java-7-openjdk-amd64/jre/lib/resources.jar:/usr/lib/jvm/java-7-openjdk-amd64/jre/lib/rt.jar:/usr/lib/jvm/java-7-openjdk-amd64/jre/lib/sunrsasign.jar:/usr/lib/jvm/java-7-openjdk-amd64/jre/lib/jsse.jar:/usr/lib/jvm/java-7-openjdk-amd64/jre/lib/jce.jar:/usr/lib/jvm/java-7-openjdk-amd64/jre/lib/charsets.jar:/usr/lib/jvm/java-7-openjdk-amd64/jre/lib/rhino.jar:/usr/lib/jvm/java-7-openjdk-amd64/jre/lib/jfr.jar:/usr/lib/jvm/java-7-openjdk-amd64/jre/classes"/>
    <property name="java.vendor" value="Oracle Corporation"/>
    <property name="maven.home" value="/home/hexvaara/netbeans-8.0.2/java/maven"/>
    <property name="file.separator" value="/"/>
    <property name="java.vendor.url.bug" value="http://bugreport.sun.com/bugreport/"/>
    <property name="sun.cpu.endian" value="little"/>
    <property name="sun.io.unicode.encoding" value="UnicodeLittle"/>
    <property name="sun.desktop" value="gnome"/>
    <property name="sun.cpu.isalist" value=""/>
  </properties>
  <testcase time="0.004" classname="liisan_muistipeli.logic.CardTest" name="test_set_angle_between_0_and_2pi"/>
  <testcase time="0" classname="liisan_muistipeli.logic.CardTest" name="test_float_setY_getY_incorrect_high"/>
  <testcase time="0" classname="liisan_muistipeli.logic.CardTest" name="test_int_setY_getY_correct_high"/>
  <testcase time="0" classname="liisan_muistipeli.logic.CardTest" name="testConstructor_y_correct_values_1"/>
  <testcase time="0" classname="liisan_muistipeli.logic.CardTest" name="test_float_setX_getX_incorrect_high"/>
  <testcase time="0" classname="liisan_muistipeli.logic.CardTest" name="test_float_setX_getX_incorrect_low"/>
  <testcase time="0" classname="liisan_muistipeli.logic.CardTest" name="test_int_setY_getY_correct_low"/>
  <testcase time="0" classname="liisan_muistipeli.logic.CardTest" name="test_slow_velocity_greater_than_acceleration"/>
  <testcase time="0" classname="liisan_muistipeli.logic.CardTest" name="test_int_setY_getY_incorrect_low"/>
  <testcase time="0.001" classname="liisan_muistipeli.logic.CardTest" name="test_set_velocity_negative_fail"/>
  <testcase time="0.001" classname="liisan_muistipeli.logic.CardTest" name="testConstructor_y_incorrect"/>
  <testcase time="0.001" classname="liisan_muistipeli.logic.CardTest" name="test_set_angle_greater_than_2pi"/>
  <testcase time="0.001" classname="liisan_muistipeli.logic.CardTest" name="test_pair_id_cannot_be_0"/>
  <testcase time="0" classname="liisan_muistipeli.logic.CardTest" name="test_float_setX_getX_correct_low"/>
  <testcase time="0" classname="liisan_muistipeli.logic.CardTest" name="test_slow_velocity_same_than_acceleration"/>
  <testcase time="0.003" classname="liisan_muistipeli.logic.CardTest" name="testConstructor_pair_id_correct_values1"/>
  <testcase time="0.001" classname="liisan_muistipeli.logic.CardTest" name="testConstructor_x_correct_values_1"/>
  <testcase time="0" classname="liisan_muistipeli.logic.CardTest" name="test_get_id"/>
  <testcase time="0.001" classname="liisan_muistipeli.logic.CardTest" name="when_double_values_are_altered_integer_values_change_also"/>
  <testcase time="0" classname="liisan_muistipeli.logic.CardTest" name="test_int_setX_getX_correct_high"/>
  <testcase time="0" classname="liisan_muistipeli.logic.CardTest" name="test_get_pair_id"/>
  <testcase time="0" classname="liisan_muistipeli.logic.CardTest" name="test_float_setY_getY_incorrect_low"/>
  <testcase time="0" classname="liisan_muistipeli.logic.CardTest" name="test_set_angle_negative"/>
  <testcase time="0.001" classname="liisan_muistipeli.logic.CardTest" name="testConstructor_id_correct_values1"/>
  <testcase time="0.001" classname="liisan_muistipeli.logic.CardTest" name="test_int_setX_incorrect_high"/>
  <testcase time="0.001" classname="liisan_muistipeli.logic.CardTest" name="test_int_setX_getX_correct_low"/>
  <testcase time="0" classname="liisan_muistipeli.logic.CardTest" name="testConstructor_incorrect_id_and_pair_id_are_same"/>
  <testcase time="0" classname="liisan_muistipeli.logic.CardTest" name="test_slow_velocity_0"/>
  <testcase time="0.001" classname="liisan_muistipeli.logic.CardTest" name="test_float_setY_getY_correct_high"/>
  <testcase time="0.001" classname="liisan_muistipeli.logic.CardTest" name="testConstructor_x_incorrect"/>
  <testcase time="0" classname="liisan_muistipeli.logic.CardTest" name="test_int_setY_getY_incorrect_high"/>
  <testcase time="0" classname="liisan_muistipeli.logic.CardTest" name="test_slow_velocity_smaller_than_acceleration"/>
  <testcase time="0" classname="liisan_muistipeli.logic.CardTest" name="test_int_setX_incorrect_low"/>
  <testcase time="0" classname="liisan_muistipeli.logic.CardTest" name="test_id_and_pair_id_cannot_be_same"/>
  <testcase time="0" classname="liisan_muistipeli.logic.CardTest" name="test_angle_default_radian"/>
  <testcase time="0" classname="liisan_muistipeli.logic.CardTest" name="test_id_cannot_be_0"/>
  <testcase time="0" classname="liisan_muistipeli.logic.CardTest" name="test_float_setX_getX_correct_high"/>
  <testcase time="0" classname="liisan_muistipeli.logic.CardTest" name="test_set_velocity_1_0"/>
  <testcase time="0" classname="liisan_muistipeli.logic.CardTest" name="test_get_velocity_default"/>
  <testcase time="0.001" classname="liisan_muistipeli.logic.CardTest" name="test_float_setY_getY_correct_low"/>
</testsuite>